2025.12.05 01:09:21 INFO  Started: Metals version 1.6.4 in folders 'C:\Users\admin\Documents\dev\ipssi\ia\scala\Scala-Food' for client Visual Studio Code 1.106.3.
2025.12.05 01:09:21 WARN  Using H2 2.4.240 which is newer than the version Flyway has been verified with. The latest verified version of H2 is 2.3.232.
2025.12.05 01:09:23 INFO  no build target found for C:\Users\admin\Documents\dev\ipssi\ia\scala\Scala-Food\scala-3-project-template\src\main\scala\Server.scala. Using presentation compiler with project's scala-library version: 3.3.6
déc. 05, 2025 1:09:28 AM org.eclipse.lsp4j.jsonrpc.RemoteEndpoint handleCancellation
AVERTISSEMENT: Unmatched cancel notification for request id 2
2025.12.05 01:09:28 INFO  no build target found for C:\Users\admin\Documents\dev\ipssi\ia\scala\Scala-Food\scala-3-project-template\src\main\scala\Server.scala. Using presentation compiler with project's scala-library version: 3.3.6
2025.12.05 01:09:28 INFO  no build target found for C:\Users\admin\Documents\dev\ipssi\ia\scala\Scala-Food\scala-3-project-template\src\main\scala\Server.scala. Using presentation compiler with project's scala-library version: 3.3.6
2025.12.05 01:09:28 INFO  no build target found for C:\Users\admin\Documents\dev\ipssi\ia\scala\Scala-Food\scala-3-project-template\src\main\scala\Models.scala. Using presentation compiler with project's scala-library version: 3.3.6
2025.12.05 01:09:29 INFO  no build target found for C:\Users\admin\Documents\dev\ipssi\ia\scala\Scala-Food\scala-3-project-template\src\main\scala\Models.scala. Using presentation compiler with project's scala-library version: 3.3.6
déc. 05, 2025 1:09:30 AM org.eclipse.lsp4j.jsonrpc.RemoteEndpoint handleCancellation
AVERTISSEMENT: Unmatched cancel notification for request id 8
2025.12.05 01:09:30 INFO  no build target found for C:\Users\admin\Documents\dev\ipssi\ia\scala\Scala-Food\scala-3-project-template\src\main\scala\Models.scala. Using presentation compiler with project's scala-library version: 3.3.6
déc. 05, 2025 1:09:30 AM org.eclipse.lsp4j.jsonrpc.RemoteEndpoint handleCancellation
AVERTISSEMENT: Unmatched cancel notification for request id 14
2025.12.05 01:09:30 INFO  no build target found for C:\Users\admin\Documents\dev\ipssi\ia\scala\Scala-Food\scala-3-project-template\src\main\scala\Models.scala. Using presentation compiler with project's scala-library version: 3.3.6
2025.12.05 01:09:30 INFO  no build target found for C:\Users\admin\Documents\dev\ipssi\ia\scala\Scala-Food\scala-3-project-template\src\main\scala\Models.scala. Using presentation compiler with project's scala-library version: 3.3.6
déc. 05, 2025 1:09:30 AM org.eclipse.lsp4j.jsonrpc.RemoteEndpoint handleCancellation
AVERTISSEMENT: Unmatched cancel notification for request id 11
déc. 05, 2025 1:09:30 AM org.eclipse.lsp4j.jsonrpc.RemoteEndpoint handleCancellation
AVERTISSEMENT: Unmatched cancel notification for request id 21
déc. 05, 2025 1:09:30 AM org.eclipse.lsp4j.jsonrpc.RemoteEndpoint handleCancellation
AVERTISSEMENT: Unmatched cancel notification for request id 9
2025.12.05 01:09:30 INFO  no build target found for C:\Users\admin\Documents\dev\ipssi\ia\scala\Scala-Food\scala-3-project-template\src\main\scala\Models.scala. Using presentation compiler with project's scala-library version: 3.3.6
2025.12.05 01:09:30 WARN  no build target for: C:\Users\admin\Documents\dev\ipssi\ia\scala\Scala-Food\scala-3-project-template\src\main\scala\Models.scala
2025.12.05 01:09:33 INFO  no build target found for C:\Users\admin\Documents\dev\ipssi\ia\scala\Scala-Food\scala-3-project-template\src\main\scala\OpenFoodClient.scala. Using presentation compiler with project's scala-library version: 3.3.6
2025.12.05 01:09:33 INFO  no build target found for C:\Users\admin\Documents\dev\ipssi\ia\scala\Scala-Food\scala-3-project-template\src\main\scala\OpenFoodClient.scala. Using presentation compiler with project's scala-library version: 3.3.6
2025.12.05 01:09:33 INFO  no build target found for C:\Users\admin\Documents\dev\ipssi\ia\scala\Scala-Food\scala-3-project-template\src\main\scala\OpenFoodClient.scala. Using presentation compiler with project's scala-library version: 3.3.6
2025.12.05 01:09:33 INFO  no build target found for C:\Users\admin\Documents\dev\ipssi\ia\scala\Scala-Food\scala-3-project-template\src\main\scala\OpenFoodClient.scala. Using presentation compiler with project's scala-library version: 3.3.6
2025.12.05 01:09:33 INFO  no build target found for C:\Users\admin\Documents\dev\ipssi\ia\scala\Scala-Food\scala-3-project-template\src\main\scala\OpenFoodClient.scala. Using presentation compiler with project's scala-library version: 3.3.6
2025.12.05 01:09:34 INFO  no build target found for C:\Users\admin\Documents\dev\ipssi\ia\scala\Scala-Food\scala-3-project-template\src\main\scala\OpenFoodClient.scala. Using presentation compiler with project's scala-library version: 3.3.6
2025.12.05 01:09:34 INFO  no build target found for C:\Users\admin\Documents\dev\ipssi\ia\scala\Scala-Food\scala-3-project-template\src\main\scala\OpenFoodClient.scala. Using presentation compiler with project's scala-library version: 3.3.6
déc. 05, 2025 1:09:34 AM org.eclipse.lsp4j.jsonrpc.RemoteEndpoint handleCancellation
AVERTISSEMENT: Unmatched cancel notification for request id 36
2025.12.05 01:09:34 INFO  no build target found for C:\Users\admin\Documents\dev\ipssi\ia\scala\Scala-Food\scala-3-project-template\src\main\scala\OpenFoodClient.scala. Using presentation compiler with project's scala-library version: 3.3.6
2025.12.05 01:09:34 INFO  no build target found for C:\Users\admin\Documents\dev\ipssi\ia\scala\Scala-Food\scala-3-project-template\src\main\scala\OpenFoodClient.scala. Using presentation compiler with project's scala-library version: 3.3.6
2025.12.05 01:09:34 INFO  no build target found for C:\Users\admin\Documents\dev\ipssi\ia\scala\Scala-Food\scala-3-project-template\src\main\scala\OpenFoodClient.scala. Using presentation compiler with project's scala-library version: 3.3.6
2025.12.05 01:09:34 INFO  no build target found for C:\Users\admin\Documents\dev\ipssi\ia\scala\Scala-Food\scala-3-project-template\src\main\scala\OpenFoodClient.scala. Using presentation compiler with project's scala-library version: 3.3.6
2025.12.05 01:09:35 INFO  no build target found for C:\Users\admin\Documents\dev\ipssi\ia\scala\Scala-Food\scala-3-project-template\src\main\scala\OpenFoodClient.scala. Using presentation compiler with project's scala-library version: 3.3.6
2025.12.05 01:09:35 INFO  no build target found for C:\Users\admin\Documents\dev\ipssi\ia\scala\Scala-Food\scala-3-project-template\src\main\scala\OpenFoodClient.scala. Using presentation compiler with project's scala-library version: 3.3.6
2025.12.05 01:09:35 WARN  no build target for: C:\Users\admin\Documents\dev\ipssi\ia\scala\Scala-Food\scala-3-project-template\src\main\scala\OpenFoodClient.scala
2025.12.05 01:09:35 INFO  no build target found for C:\Users\admin\Documents\dev\ipssi\ia\scala\Scala-Food\scala-3-project-template\src\main\scala\OpenFoodClient.scala. Using presentation compiler with project's scala-library version: 3.3.6
2025.12.05 01:09:35 INFO  no build target found for C:\Users\admin\Documents\dev\ipssi\ia\scala\Scala-Food\scala-3-project-template\src\main\scala\OpenFoodClient.scala. Using presentation compiler with project's scala-library version: 3.3.6
2025.12.05 01:09:41 INFO  no build target found for C:\Users\admin\Documents\dev\ipssi\ia\scala\Scala-Food\scala-3-project-template\src\main\scala\OpenFoodClient.scala. Using presentation compiler with project's scala-library version: 3.3.6
2025.12.05 01:09:43 INFO  no build target found for C:\Users\admin\Documents\dev\ipssi\ia\scala\Scala-Food\scala-3-project-template\src\main\scala\Server.scala. Using presentation compiler with project's scala-library version: 3.3.6
2025.12.05 01:09:43 INFO  no build target found for C:\Users\admin\Documents\dev\ipssi\ia\scala\Scala-Food\scala-3-project-template\src\main\scala\Server.scala. Using presentation compiler with project's scala-library version: 3.3.6
2025.12.05 01:09:43 INFO  no build target found for C:\Users\admin\Documents\dev\ipssi\ia\scala\Scala-Food\scala-3-project-template\src\main\scala\Server.scala. Using presentation compiler with project's scala-library version: 3.3.6
2025.12.05 01:09:55 INFO  no build target found for C:\Users\admin\Documents\dev\ipssi\ia\scala\Scala-Food\scala-3-project-template\src\main\scala\Server.scala. Using presentation compiler with project's scala-library version: 3.3.6
2025.12.05 01:10:28 INFO  no build target found for C:\Users\admin\Documents\dev\ipssi\ia\scala\Scala-Food\scala-3-project-template\src\main\scala\Server.scala. Using presentation compiler with project's scala-library version: 3.3.6
2025.12.05 01:10:28 INFO  no build target found for C:\Users\admin\Documents\dev\ipssi\ia\scala\Scala-Food\scala-3-project-template\src\main\scala\Server.scala. Using presentation compiler with project's scala-library version: 3.3.6
2025.12.05 01:10:28 INFO  no build target found for C:\Users\admin\Documents\dev\ipssi\ia\scala\Scala-Food\scala-3-project-template\src\main\scala\Server.scala. Using presentation compiler with project's scala-library version: 3.3.6
2025.12.05 01:10:29 INFO  Created report: Optional[file:///C:/Users/admin/Documents/dev/ipssi/ia/scala/Scala-Food/scala-3-project-template/src/main/scala/Server.scala]
2025.12.05 01:10:29 INFO  empty definition using pc, found symbol in pc: `<none>`. (full report at: "C:\Users\admin\Documents\dev\ipssi\ia\scala\Scala-Food\.metals\.reports\metals-full\2025-12-05\r_empty-definition_01-10-29-000.md")
2025.12.05 01:10:29 INFO  no build target found for C:\Users\admin\Documents\dev\ipssi\ia\scala\Scala-Food\scala-3-project-template\src\main\scala\Server.scala. Using presentation compiler with project's scala-library version: 3.3.6
2025.12.05 01:10:29 INFO  no build target found for C:\Users\admin\Documents\dev\ipssi\ia\scala\Scala-Food\scala-3-project-template\src\main\scala\Server.scala. Using presentation compiler with project's scala-library version: 3.3.6
2025.12.05 01:10:29 INFO  no build target found for C:\Users\admin\Documents\dev\ipssi\ia\scala\Scala-Food\scala-3-project-template\src\main\scala\Server.scala. Using presentation compiler with project's scala-library version: 3.3.6
2025.12.05 01:10:29 INFO  no build target found for C:\Users\admin\Documents\dev\ipssi\ia\scala\Scala-Food\scala-3-project-template\src\main\scala\Server.scala. Using presentation compiler with project's scala-library version: 3.3.6
2025.12.05 01:10:29 INFO  no build target found for C:\Users\admin\Documents\dev\ipssi\ia\scala\Scala-Food\scala-3-project-template\src\main\scala\Server.scala. Using presentation compiler with project's scala-library version: 3.3.6
2025.12.05 01:10:30 INFO  no build target found for C:\Users\admin\Documents\dev\ipssi\ia\scala\Scala-Food\scala-3-project-template\src\main\scala\Server.scala. Using presentation compiler with project's scala-library version: 3.3.6
2025.12.05 01:10:30 WARN  no build target for: C:\Users\admin\Documents\dev\ipssi\ia\scala\Scala-Food\scala-3-project-template\src\main\scala\Server.scala
2025.12.05 01:10:30 INFO  no build target found for C:\Users\admin\Documents\dev\ipssi\ia\scala\Scala-Food\scala-3-project-template\src\main\scala\Server.scala. Using presentation compiler with project's scala-library version: 3.3.6
2025.12.05 01:10:30 INFO  no build target found for C:\Users\admin\Documents\dev\ipssi\ia\scala\Scala-Food\scala-3-project-template\src\main\scala\Server.scala. Using presentation compiler with project's scala-library version: 3.3.6
2025.12.05 01:10:31 INFO  no build target found for C:\Users\admin\Documents\dev\ipssi\ia\scala\Scala-Food\scala-3-project-template\src\main\scala\Server.scala. Using presentation compiler with project's scala-library version: 3.3.6
2025.12.05 01:10:54 INFO  no build target found for C:\Users\admin\Documents\dev\ipssi\ia\scala\Scala-Food\scala-3-project-template\src\main\scala\Server.scala. Using presentation compiler with project's scala-library version: 3.3.6
2025.12.05 01:11:03 INFO  no build target found for C:\Users\admin\Documents\dev\ipssi\ia\scala\Scala-Food\scala-3-project-template\src\main\scala\Server.scala. Using presentation compiler with project's scala-library version: 3.3.6
2025.12.05 01:22:15 INFO  no build target found for C:\Users\admin\Documents\dev\ipssi\ia\scala\Scala-Food\scala-3-project-template\src\main\scala\Server.scala. Using presentation compiler with project's scala-library version: 3.3.6
2025.12.05 02:01:35 WARN  no build target for: C:\Users\admin\Documents\dev\ipssi\ia\scala\Scala-Food\scala-3-project-template\src\main\scala\Models.scala
2025.12.05 02:01:35 INFO  no build target found for C:\Users\admin\Documents\dev\ipssi\ia\scala\Scala-Food\scala-3-project-template\src\main\scala\Models.scala. Using presentation compiler with project's scala-library version: 3.3.6
2025.12.05 02:01:35 INFO  no build target found for C:\Users\admin\Documents\dev\ipssi\ia\scala\Scala-Food\scala-3-project-template\src\main\scala\Models.scala. Using presentation compiler with project's scala-library version: 3.3.6
2025.12.05 02:01:35 INFO  no build target found for C:\Users\admin\Documents\dev\ipssi\ia\scala\Scala-Food\scala-3-project-template\src\main\scala\Models.scala. Using presentation compiler with project's scala-library version: 3.3.6
2025.12.05 02:01:35 INFO  no build target found for C:\Users\admin\Documents\dev\ipssi\ia\scala\Scala-Food\scala-3-project-template\src\main\scala\Models.scala. Using presentation compiler with project's scala-library version: 3.3.6
2025.12.05 02:01:36 INFO  no build target found for C:\Users\admin\Documents\dev\ipssi\ia\scala\Scala-Food\scala-3-project-template\src\main\scala\Models.scala. Using presentation compiler with project's scala-library version: 3.3.6
2025.12.05 02:01:40 INFO  no build target found for C:\Users\admin\Documents\dev\ipssi\ia\scala\Scala-Food\scala-3-project-template\src\main\scala\OpenFoodClient.scala. Using presentation compiler with project's scala-library version: 3.3.6
2025.12.05 02:01:40 WARN  no build target for: C:\Users\admin\Documents\dev\ipssi\ia\scala\Scala-Food\scala-3-project-template\src\main\scala\OpenFoodClient.scala
2025.12.05 02:01:40 INFO  no build target found for C:\Users\admin\Documents\dev\ipssi\ia\scala\Scala-Food\scala-3-project-template\src\main\scala\OpenFoodClient.scala. Using presentation compiler with project's scala-library version: 3.3.6
2025.12.05 02:01:40 INFO  no build target found for C:\Users\admin\Documents\dev\ipssi\ia\scala\Scala-Food\scala-3-project-template\src\main\scala\OpenFoodClient.scala. Using presentation compiler with project's scala-library version: 3.3.6
2025.12.05 02:01:40 INFO  no build target found for C:\Users\admin\Documents\dev\ipssi\ia\scala\Scala-Food\scala-3-project-template\src\main\scala\OpenFoodClient.scala. Using presentation compiler with project's scala-library version: 3.3.6
2025.12.05 02:01:40 INFO  no build target found for C:\Users\admin\Documents\dev\ipssi\ia\scala\Scala-Food\scala-3-project-template\src\main\scala\OpenFoodClient.scala. Using presentation compiler with project's scala-library version: 3.3.6
2025.12.05 02:01:41 INFO  no build target found for C:\Users\admin\Documents\dev\ipssi\ia\scala\Scala-Food\scala-3-project-template\src\main\scala\OpenFoodClient.scala. Using presentation compiler with project's scala-library version: 3.3.6
2025.12.05 02:01:40 INFO  no build target found for C:\Users\admin\Documents\dev\ipssi\ia\scala\Scala-Food\scala-3-project-template\src\main\scala\OpenFoodClient.scala. Using presentation compiler with project's scala-library version: 3.3.6
2025.12.05 02:01:41 INFO  Created report: Optional[file:///C:/Users/admin/Documents/dev/ipssi/ia/scala/Scala-Food/scala-3-project-template/src/main/scala/OpenFoodClient.scala]
2025.12.05 02:01:41 INFO  empty definition using pc, found symbol in pc: `<none>`. (full report at: "C:\Users\admin\Documents\dev\ipssi\ia\scala\Scala-Food\.metals\.reports\metals-full\2025-12-05\r_empty-definition_02-01-41-772.md")
2025.12.05 02:01:41 INFO  no build target found for C:\Users\admin\Documents\dev\ipssi\ia\scala\Scala-Food\scala-3-project-template\src\main\scala\OpenFoodClient.scala. Using presentation compiler with project's scala-library version: 3.3.6
2025.12.05 02:01:45 WARN  no build target for: C:\Users\admin\Documents\dev\ipssi\ia\scala\Scala-Food\scala-3-project-template\src\main\scala\Server.scala
2025.12.05 02:01:45 INFO  no build target found for C:\Users\admin\Documents\dev\ipssi\ia\scala\Scala-Food\scala-3-project-template\src\main\scala\Server.scala. Using presentation compiler with project's scala-library version: 3.3.6
2025.12.05 02:01:45 INFO  no build target found for C:\Users\admin\Documents\dev\ipssi\ia\scala\Scala-Food\scala-3-project-template\src\main\scala\Server.scala. Using presentation compiler with project's scala-library version: 3.3.6
2025.12.05 02:01:45 INFO  no build target found for C:\Users\admin\Documents\dev\ipssi\ia\scala\Scala-Food\scala-3-project-template\src\main\scala\Server.scala. Using presentation compiler with project's scala-library version: 3.3.6
2025.12.05 02:01:45 INFO  no build target found for C:\Users\admin\Documents\dev\ipssi\ia\scala\Scala-Food\scala-3-project-template\src\main\scala\Server.scala. Using presentation compiler with project's scala-library version: 3.3.6
2025.12.05 02:01:45 INFO  no build target found for C:\Users\admin\Documents\dev\ipssi\ia\scala\Scala-Food\scala-3-project-template\src\main\scala\Server.scala. Using presentation compiler with project's scala-library version: 3.3.6
2025.12.05 02:01:45 INFO  no build target found for C:\Users\admin\Documents\dev\ipssi\ia\scala\Scala-Food\scala-3-project-template\src\main\scala\Server.scala. Using presentation compiler with project's scala-library version: 3.3.6
2025.12.05 02:01:46 INFO  no build target found for C:\Users\admin\Documents\dev\ipssi\ia\scala\Scala-Food\scala-3-project-template\src\main\scala\Server.scala. Using presentation compiler with project's scala-library version: 3.3.6
déc. 05, 2025 2:01:46 AM org.eclipse.lsp4j.jsonrpc.RemoteEndpoint handleCancellation
AVERTISSEMENT: Unmatched cancel notification for request id 130
2025.12.05 02:01:46 INFO  empty definition using pc, found symbol in pc: `<none>`. (full report at: "C:\Users\admin\Documents\dev\ipssi\ia\scala\Scala-Food\.metals\.reports\metals-full\2025-12-05\r_empty-definition_01-10-29-000.md")
2025.12.05 02:01:45 INFO  no build target found for C:\Users\admin\Documents\dev\ipssi\ia\scala\Scala-Food\scala-3-project-template\src\main\scala\Server.scala. Using presentation compiler with project's scala-library version: 3.3.6
2025.12.05 02:01:59 INFO  no build target found for C:\Users\admin\Documents\dev\ipssi\ia\scala\Scala-Food\scala-3-project-template\src\main\scala\Server.scala. Using presentation compiler with project's scala-library version: 3.3.6
2025.12.05 02:01:59 INFO  no build target found for C:\Users\admin\Documents\dev\ipssi\ia\scala\Scala-Food\scala-3-project-template\src\main\scala\Server.scala. Using presentation compiler with project's scala-library version: 3.3.6
2025.12.05 02:01:59 INFO  no build target found for C:\Users\admin\Documents\dev\ipssi\ia\scala\Scala-Food\scala-3-project-template\src\main\scala\Server.scala. Using presentation compiler with project's scala-library version: 3.3.6
2025.12.05 02:03:30 INFO  no build target found for C:\Users\admin\Documents\dev\ipssi\ia\scala\Scala-Food\scala-3-project-template\src\main\scala\Server.scala. Using presentation compiler with project's scala-library version: 3.3.6
2025.12.05 02:04:17 INFO  no build target found for C:\Users\admin\Documents\dev\ipssi\ia\scala\Scala-Food\scala-3-project-template\src\main\scala\Server.scala. Using presentation compiler with project's scala-library version: 3.3.6
2025.12.05 02:04:18 INFO  no build target found for C:\Users\admin\Documents\dev\ipssi\ia\scala\Scala-Food\scala-3-project-template\src\main\scala\Server.scala. Using presentation compiler with project's scala-library version: 3.3.6
2025.12.05 02:04:18 INFO  empty definition using pc, found symbol in pc: `<none>`. (full report at: "C:\Users\admin\Documents\dev\ipssi\ia\scala\Scala-Food\.metals\.reports\metals-full\2025-12-05\r_empty-definition_01-10-29-000.md")
2025.12.05 02:04:18 WARN  no build target for: C:\Users\admin\Documents\dev\ipssi\ia\scala\Scala-Food\scala-3-project-template\src\main\scala\OpenFoodClient.scala
2025.12.05 02:04:18 INFO  no build target found for C:\Users\admin\Documents\dev\ipssi\ia\scala\Scala-Food\scala-3-project-template\src\main\scala\OpenFoodClient.scala. Using presentation compiler with project's scala-library version: 3.3.6
2025.12.05 02:04:18 INFO  no build target found for C:\Users\admin\Documents\dev\ipssi\ia\scala\Scala-Food\scala-3-project-template\src\main\scala\OpenFoodClient.scala. Using presentation compiler with project's scala-library version: 3.3.6
2025.12.05 02:04:18 INFO  no build target found for C:\Users\admin\Documents\dev\ipssi\ia\scala\Scala-Food\scala-3-project-template\src\main\scala\OpenFoodClient.scala. Using presentation compiler with project's scala-library version: 3.3.6
2025.12.05 02:04:32 INFO  no build target found for C:\Users\admin\Documents\dev\ipssi\ia\scala\Scala-Food\scala-3-project-template\src\main\scala\OpenFoodClient.scala. Using presentation compiler with project's scala-library version: 3.3.6
2025.12.05 02:04:35 INFO  no build target found for C:\Users\admin\Documents\dev\ipssi\ia\scala\Scala-Food\scala-3-project-template\src\main\scala\Main.scala. Using presentation compiler with project's scala-library version: 3.3.6
2025.12.05 02:04:35 WARN  Could not find semantic tokens for: file:///C:/Users/admin/Documents/dev/ipssi/ia/scala/Scala-Food/scala-3-project-template/src/main/scala/Main.scala
2025.12.05 02:04:37 INFO  no build target found for C:\Users\admin\Documents\dev\ipssi\ia\scala\Scala-Food\scala-3-project-template\src\main\scala\Main.scala. Using presentation compiler with project's scala-library version: 3.3.6
2025.12.05 02:04:37 INFO  no build target found for C:\Users\admin\Documents\dev\ipssi\ia\scala\Scala-Food\scala-3-project-template\src\main\scala\Main.scala. Using presentation compiler with project's scala-library version: 3.3.6
2025.12.05 02:04:37 INFO  no build target found for C:\Users\admin\Documents\dev\ipssi\ia\scala\Scala-Food\scala-3-project-template\src\main\scala\Main.scala. Using presentation compiler with project's scala-library version: 3.3.6
2025.12.05 02:04:37 WARN  no build target for: C:\Users\admin\Documents\dev\ipssi\ia\scala\Scala-Food\scala-3-project-template\src\main\scala\Main.scala
2025.12.05 02:04:37 INFO  no build target found for C:\Users\admin\Documents\dev\ipssi\ia\scala\Scala-Food\scala-3-project-template\src\main\scala\Main.scala. Using presentation compiler with project's scala-library version: 3.3.6
2025.12.05 02:05:50 INFO  no build target found for C:\Users\admin\Documents\dev\ipssi\ia\scala\Scala-Food\scala-3-project-template\src\main\scala\Main.scala. Using presentation compiler with project's scala-library version: 3.3.6
2025.12.05 02:05:56 WARN  no build target for: C:\Users\admin\Documents\dev\ipssi\ia\scala\Scala-Food\scala-3-project-template\src\main\scala\OpenFoodClient.scala
2025.12.05 02:05:56 INFO  no build target found for C:\Users\admin\Documents\dev\ipssi\ia\scala\Scala-Food\scala-3-project-template\src\main\scala\OpenFoodClient.scala. Using presentation compiler with project's scala-library version: 3.3.6
2025.12.05 02:05:56 INFO  no build target found for C:\Users\admin\Documents\dev\ipssi\ia\scala\Scala-Food\scala-3-project-template\src\main\scala\OpenFoodClient.scala. Using presentation compiler with project's scala-library version: 3.3.6
2025.12.05 02:05:56 INFO  no build target found for C:\Users\admin\Documents\dev\ipssi\ia\scala\Scala-Food\scala-3-project-template\src\main\scala\OpenFoodClient.scala. Using presentation compiler with project's scala-library version: 3.3.6
2025.12.05 02:05:56 INFO  no build target found for C:\Users\admin\Documents\dev\ipssi\ia\scala\Scala-Food\scala-3-project-template\src\main\scala\Main.scala. Using presentation compiler with project's scala-library version: 3.3.6
2025.12.05 02:05:57 WARN  no build target for: C:\Users\admin\Documents\dev\ipssi\ia\scala\Scala-Food\scala-3-project-template\src\main\scala\Main.scala
2025.12.05 02:05:57 INFO  no build target found for C:\Users\admin\Documents\dev\ipssi\ia\scala\Scala-Food\scala-3-project-template\src\main\scala\Main.scala. Using presentation compiler with project's scala-library version: 3.3.6
2025.12.05 02:06:00 INFO  no build target found for c:\Users\admin\Documents\dev\ipssi\ia\scala\Scala-Food\scala-3-project-template\src\main\scala\Main.scala. Using presentation compiler with project's scala-library version: 3.3.6
2025.12.05 02:06:00 WARN  no build target for: C:\Users\admin\Documents\dev\ipssi\ia\scala\Scala-Food\scala-3-project-template\src\main\scala\OpenFoodClient.scala
2025.12.05 02:06:00 INFO  no build target found for C:\Users\admin\Documents\dev\ipssi\ia\scala\Scala-Food\scala-3-project-template\src\main\scala\OpenFoodClient.scala. Using presentation compiler with project's scala-library version: 3.3.6
2025.12.05 02:06:00 INFO  no build target found for C:\Users\admin\Documents\dev\ipssi\ia\scala\Scala-Food\scala-3-project-template\src\main\scala\OpenFoodClient.scala. Using presentation compiler with project's scala-library version: 3.3.6
2025.12.05 02:06:00 INFO  no build target found for C:\Users\admin\Documents\dev\ipssi\ia\scala\Scala-Food\scala-3-project-template\src\main\scala\OpenFoodClient.scala. Using presentation compiler with project's scala-library version: 3.3.6
